# JRE version: Java(TM) SE Runtime Environment (15.0.2+7) (build 15.0.2+7-27)
# Java VM: Java HotSpot(TM) 64-Bit Server VM (15.0.2+7-27, mixed mode, sharing, tiered, compressed oops, g1 gc, windows-amd64)
GC Precious Log:
 CPUs: 8 total, 8 available
 Memory: 7872M
 Large Page Support: Disabled
 NUMA Support: Disabled
 Compressed Oops: Enabled (Zero based)
 Heap Region Size: 2M
 Heap Min Capacity: 8M
 Heap Initial Capacity: 124M
 Heap Max Capacity: 4G
 Pre-touch: Disabled
 Parallel Workers: 8
 Concurrent Workers: 2
 Concurrent Refinement Workers: 8
 Periodic GC: Disabled
Heap:
 garbage-first heap   total 2136064K, used 254462K [0x0000000700000000, 0x0000000800000000)
  region size 2048K, 17 young (34816K), 17 survivors (34816K)
 Metaspace       used 98399K, capacity 101314K, committed 101456K, reserved 1136640K
  class space    used 12689K, capacity 13530K, committed 13568K, reserved 1048576K
GC Heap History (20 events):
Event: 39.259 GC heap after
{Heap after GC invocations=59 (full 0):
 garbage-first heap   total 444416K, used 213213K [0x0000000700000000, 0x0000000800000000)
  region size 2048K, 6 young (12288K), 6 survivors (12288K)
 Metaspace       used 95112K, capacity 98018K, committed 98256K, reserved 1134592K
  class space    used 12440K, capacity 13309K, committed 13440K, reserved 1048576K
}
Event: 40.534 GC heap before
{Heap before GC invocations=59 (full 0):
 garbage-first heap   total 444416K, used 360669K [0x0000000700000000, 0x0000000800000000)
  region size 2048K, 79 young (161792K), 6 survivors (12288K)
 Metaspace       used 95141K, capacity 98018K, committed 98256K, reserved 1134592K
  class space    used 12443K, capacity 13309K, committed 13440K, reserved 1048576K
}
Event: 41.397 GC heap after
{Heap after GC invocations=60 (full 0):
 garbage-first heap   total 591872K, used 213536K [0x0000000700000000, 0x0000000800000000)
  region size 2048K, 6 young (12288K), 6 survivors (12288K)
 Metaspace       used 95141K, capacity 98018K, committed 98256K, reserved 1134592K
  class space    used 12443K, capacity 13309K, committed 13440K, reserved 1048576K
}
Event: 42.078 GC heap before
{Heap before GC invocations=60 (full 0):
 garbage-first heap   total 591872K, used 483872K [0x0000000700000000, 0x0000000800000000)
  region size 2048K, 138 young (282624K), 6 survivors (12288K)
 Metaspace       used 95640K, capacity 98530K, committed 98768K, reserved 1134592K
  class space    used 12455K, capacity 13309K, committed 13440K, reserved 1048576K
}
Event: 42.595 GC heap after
{Heap after GC invocations=61 (full 0):
 garbage-first heap   total 591872K, used 216948K [0x0000000700000000, 0x0000000800000000)
  region size 2048K, 7 young (14336K), 7 survivors (14336K)
 Metaspace       used 95640K, capacity 98530K, committed 98768K, reserved 1134592K
  class space    used 12455K, capacity 13309K, committed 13440K, reserved 1048576K
}
Event: 43.279 GC heap before
{Heap before GC invocations=61 (full 0):
 garbage-first heap   total 591872K, used 501620K [0x0000000700000000, 0x0000000800000000)
  region size 2048K, 146 young (299008K), 7 survivors (14336K)
 Metaspace       used 95869K, capacity 98786K, committed 99024K, reserved 1134592K
  class space    used 12455K, capacity 13309K, committed 13440K, reserved 1048576K
}
Event: 43.292 GC heap after
{Heap after GC invocations=62 (full 0):
 garbage-first heap   total 591872K, used 219611K [0x0000000700000000, 0x0000000800000000)
  region size 2048K, 9 young (18432K), 9 survivors (18432K)
 Metaspace       used 95869K, capacity 98786K, committed 99024K, reserved 1134592K
  class space    used 12455K, capacity 13309K, committed 13440K, reserved 1048576K
}
Event: 43.871 GC heap before
{Heap before GC invocations=62 (full 0):
 garbage-first heap   total 761856K, used 485851K [0x0000000700000000, 0x0000000800000000)
  region size 2048K, 140 young (286720K), 9 survivors (18432K)
 Metaspace       used 96312K, capacity 99183K, committed 99536K, reserved 1136640K
  class space    used 12448K, capacity 13292K, committed 13440K, reserved 1048576K
}
Event: 43.886 GC heap after
{Heap after GC invocations=63 (full 0):
 garbage-first heap   total 761856K, used 221044K [0x0000000700000000, 0x0000000800000000)
  region size 2048K, 9 young (18432K), 9 survivors (18432K)
 Metaspace       used 96312K, capacity 99183K, committed 99536K, reserved 1136640K
  class space    used 12448K, capacity 13292K, committed 13440K, reserved 1048576K
}
Event: 45.158 GC heap before
{Heap before GC invocations=64 (full 0):
 garbage-first heap   total 761856K, used 655220K [0x0000000700000000, 0x0000000800000000)
  region size 2048K, 222 young (454656K), 9 survivors (18432K)
 Metaspace       used 96631K, capacity 99506K, committed 99792K, reserved 1136640K
  class space    used 12484K, capacity 13357K, committed 13440K, reserved 1048576K
}
Event: 45.187 GC heap after
{Heap after GC invocations=65 (full 0):
 garbage-first heap   total 761856K, used 225133K [0x0000000700000000, 0x0000000800000000)
  region size 2048K, 11 young (22528K), 11 survivors (22528K)
 Metaspace       used 96631K, capacity 99506K, committed 99792K, reserved 1136640K
  class space    used 12484K, capacity 13357K, committed 13440K, reserved 1048576K
}
Event: 46.002 GC heap before
{Heap before GC invocations=65 (full 0):
 garbage-first heap   total 761856K, used 659309K [0x0000000700000000, 0x0000000800000000)
  region size 2048K, 223 young (456704K), 11 survivors (22528K)
 Metaspace       used 98126K, capacity 101104K, committed 101200K, reserved 1136640K
  class space    used 12677K, capacity 13527K, committed 13568K, reserved 1048576K
}
Event: 46.024 GC heap after
{Heap after GC invocations=66 (full 0):
 garbage-first heap   total 761856K, used 231234K [0x0000000700000000, 0x0000000800000000)
  region size 2048K, 14 young (28672K), 14 survivors (28672K)
 Metaspace       used 98126K, capacity 101104K, committed 101200K, reserved 1136640K
  class space    used 12677K, capacity 13527K, committed 13568K, reserved 1048576K
}
Event: 46.610 GC heap before
{Heap before GC invocations=66 (full 0):
 garbage-first heap   total 761856K, used 655170K [0x0000000700000000, 0x0000000800000000)
  region size 2048K, 221 young (452608K), 14 survivors (28672K)
 Metaspace       used 98182K, capacity 101168K, committed 101456K, reserved 1136640K
  class space    used 12677K, capacity 13527K, committed 13568K, reserved 1048576K
}
Event: 46.634 GC heap after
{Heap after GC invocations=67 (full 0):
 garbage-first heap   total 761856K, used 243572K [0x0000000700000000, 0x0000000800000000)
  region size 2048K, 20 young (40960K), 20 survivors (40960K)
 Metaspace       used 98182K, capacity 101168K, committed 101456K, reserved 1136640K
  class space    used 12677K, capacity 13527K, committed 13568K, reserved 1048576K
}
Event: 47.254 GC heap before
{Heap before GC invocations=67 (full 0):
 garbage-first heap   total 761856K, used 640884K [0x0000000700000000, 0x0000000800000000)
  region size 2048K, 215 young (440320K), 20 survivors (40960K)
 Metaspace       used 98269K, capacity 101232K, committed 101456K, reserved 1136640K
  class space    used 12683K, capacity 13527K, committed 13568K, reserved 1048576K
}
Event: 47.324 GC heap after
{Heap after GC invocations=68 (full 0):
 garbage-first heap   total 761856K, used 246505K [0x0000000700000000, 0x0000000800000000)
  region size 2048K, 16 young (32768K), 16 survivors (32768K)
 Metaspace       used 98269K, capacity 101232K, committed 101456K, reserved 1136640K
  class space    used 12683K, capacity 13527K, committed 13568K, reserved 1048576K
}
Event: 48.235 GC heap before
{Heap before GC invocations=68 (full 0):
 garbage-first heap   total 761856K, used 652009K [0x0000000700000000, 0x0000000800000000)
  region size 2048K, 213 young (436224K), 16 survivors (32768K)
 Metaspace       used 98368K, capacity 101302K, committed 101456K, reserved 1136640K
  class space    used 12688K, capacity 13528K, committed 13568K, reserved 1048576K
}
Event: 48.273 GC heap after
{Heap after GC invocations=69 (full 0):
 garbage-first heap   total 761856K, used 246887K [0x0000000700000000, 0x0000000800000000)
  region size 2048K, 15 young (30720K), 15 survivors (30720K)
 Metaspace       used 98368K, capacity 101302K, committed 101456K, reserved 1136640K
  class space    used 12688K, capacity 13528K, committed 13568K, reserved 1048576K
}
Event: 49.027 GC heap before
{Heap before GC invocations=69 (full 0):
 garbage-first heap   total 761856K, used 648295K [0x0000000700000000, 0x0000000800000000)
  region size 2048K, 211 young (432128K), 15 survivors (30720K)
 Metaspace       used 98399K, capacity 101314K, committed 101456K, reserved 1136640K
  class space    used 12689K, capacity 13530K, committed 13568K, reserved 1048576K
}

