# JRE version: Java(TM) SE Runtime Environment (15.0.2+7) (build 15.0.2+7-27)
# Java VM: Java HotSpot(TM) 64-Bit Server VM (15.0.2+7-27, mixed mode, sharing, tiered, compressed oops, g1 gc, windows-amd64)
GC Precious Log:
 CPUs: 8 total, 8 available
 Memory: 7872M
 Large Page Support: Disabled
 NUMA Support: Disabled
 Compressed Oops: Enabled (Zero based)
 Heap Region Size: 2M
 Heap Min Capacity: 8M
 Heap Initial Capacity: 124M
 Heap Max Capacity: 4G
 Pre-touch: Disabled
 Parallel Workers: 8
 Concurrent Workers: 2
 Concurrent Refinement Workers: 8
 Periodic GC: Disabled
Heap:
 garbage-first heap   total 2330624K, used 441580K [0x0000000700000000, 0x0000000800000000)
  region size 2048K, 11 young (22528K), 11 survivors (22528K)
 Metaspace       used 162235K, capacity 165430K, committed 165552K, reserved 1193984K
  class space    used 19775K, capacity 20702K, committed 20736K, reserved 1048576K
GC Heap History (20 events):
Event: 103.458 GC heap after
{Heap after GC invocations=85 (full 0):
 garbage-first heap   total 954368K, used 363247K [0x0000000700000000, 0x0000000800000000)
  region size 2048K, 17 young (34816K), 17 survivors (34816K)
 Metaspace       used 162106K, capacity 165302K, committed 165552K, reserved 1193984K
  class space    used 19770K, capacity 20702K, committed 20736K, reserved 1048576K
}
Event: 104.051 GC heap before
{Heap before GC invocations=85 (full 0):
 garbage-first heap   total 954368K, used 797423K [0x0000000700000000, 0x0000000800000000)
  region size 2048K, 229 young (468992K), 17 survivors (34816K)
 Metaspace       used 162112K, capacity 165302K, committed 165552K, reserved 1193984K
  class space    used 19770K, capacity 20702K, committed 20736K, reserved 1048576K
}
Event: 104.088 GC heap after
{Heap after GC invocations=86 (full 0):
 garbage-first heap   total 954368K, used 369432K [0x0000000700000000, 0x0000000800000000)
  region size 2048K, 13 young (26624K), 13 survivors (26624K)
 Metaspace       used 162112K, capacity 165302K, committed 165552K, reserved 1193984K
  class space    used 19770K, capacity 20702K, committed 20736K, reserved 1048576K
}
Event: 104.855 GC heap before
{Heap before GC invocations=86 (full 0):
 garbage-first heap   total 954368K, used 801560K [0x0000000700000000, 0x0000000800000000)
  region size 2048K, 224 young (458752K), 13 survivors (26624K)
 Metaspace       used 162131K, capacity 165302K, committed 165552K, reserved 1193984K
  class space    used 19771K, capacity 20702K, committed 20736K, reserved 1048576K
}
Event: 104.884 GC heap after
{Heap after GC invocations=87 (full 0):
 garbage-first heap   total 954368K, used 382946K [0x0000000700000000, 0x0000000800000000)
  region size 2048K, 19 young (38912K), 19 survivors (38912K)
 Metaspace       used 162131K, capacity 165302K, committed 165552K, reserved 1193984K
  class space    used 19771K, capacity 20702K, committed 20736K, reserved 1048576K
}
Event: 105.416 GC heap before
{Heap before GC invocations=87 (full 0):
 garbage-first heap   total 954368K, used 804834K [0x0000000700000000, 0x0000000800000000)
  region size 2048K, 225 young (460800K), 19 survivors (38912K)
 Metaspace       used 162147K, capacity 165366K, committed 165552K, reserved 1193984K
  class space    used 19771K, capacity 20702K, committed 20736K, reserved 1048576K
}
Event: 105.462 GC heap after
{Heap after GC invocations=88 (full 0):
 garbage-first heap   total 1085440K, used 396787K [0x0000000700000000, 0x0000000800000000)
  region size 2048K, 22 young (45056K), 22 survivors (45056K)
 Metaspace       used 162147K, capacity 165366K, committed 165552K, reserved 1193984K
  class space    used 19771K, capacity 20702K, committed 20736K, reserved 1048576K
}
Event: 106.479 GC heap before
{Heap before GC invocations=88 (full 0):
 garbage-first heap   total 1085440K, used 908787K [0x0000000700000000, 0x0000000800000000)
  region size 2048K, 271 young (555008K), 22 survivors (45056K)
 Metaspace       used 162170K, capacity 165366K, committed 165552K, reserved 1193984K
  class space    used 19772K, capacity 20702K, committed 20736K, reserved 1048576K
}
Event: 107.263 GC heap after
{Heap after GC invocations=89 (full 0):
 garbage-first heap   total 1085440K, used 405774K [0x0000000700000000, 0x0000000800000000)
  region size 2048K, 20 young (40960K), 20 survivors (40960K)
 Metaspace       used 162170K, capacity 165366K, committed 165552K, reserved 1193984K
  class space    used 19772K, capacity 20702K, committed 20736K, reserved 1048576K
}
Event: 107.390 GC heap before
{Heap before GC invocations=89 (full 0):
 garbage-first heap   total 1085440K, used 418062K [0x0000000700000000, 0x0000000800000000)
  region size 2048K, 26 young (53248K), 20 survivors (40960K)
 Metaspace       used 162170K, capacity 165366K, committed 165552K, reserved 1193984K
  class space    used 19772K, capacity 20702K, committed 20736K, reserved 1048576K
}
Event: 108.014 GC heap after
{Heap after GC invocations=90 (full 0):
 garbage-first heap   total 1085440K, used 407283K [0x0000000700000000, 0x0000000800000000)
  region size 2048K, 3 young (6144K), 3 survivors (6144K)
 Metaspace       used 162170K, capacity 165366K, committed 165552K, reserved 1193984K
  class space    used 19772K, capacity 20702K, committed 20736K, reserved 1048576K
}
Event: 108.447 GC heap before
{Heap before GC invocations=90 (full 0):
 garbage-first heap   total 1085440K, used 777971K [0x0000000700000000, 0x0000000800000000)
  region size 2048K, 184 young (376832K), 3 survivors (6144K)
 Metaspace       used 162190K, capacity 165366K, committed 165552K, reserved 1193984K
  class space    used 19773K, capacity 20702K, committed 20736K, reserved 1048576K
}
Event: 108.463 GC heap after
{Heap after GC invocations=91 (full 0):
 garbage-first heap   total 1085440K, used 415642K [0x0000000700000000, 0x0000000800000000)
  region size 2048K, 7 young (14336K), 7 survivors (14336K)
 Metaspace       used 162190K, capacity 165366K, committed 165552K, reserved 1193984K
  class space    used 19773K, capacity 20702K, committed 20736K, reserved 1048576K
}
Event: 108.832 GC heap before
{Heap before GC invocations=91 (full 0):
 garbage-first heap   total 1085440K, used 741274K [0x0000000700000000, 0x0000000800000000)
  region size 2048K, 166 young (339968K), 7 survivors (14336K)
 Metaspace       used 162197K, capacity 165366K, committed 165552K, reserved 1193984K
  class space    used 19773K, capacity 20702K, committed 20736K, reserved 1048576K
}
Event: 108.846 GC heap after
{Heap after GC invocations=92 (full 0):
 garbage-first heap   total 1085440K, used 415620K [0x0000000700000000, 0x0000000800000000)
  region size 2048K, 7 young (14336K), 7 survivors (14336K)
 Metaspace       used 162197K, capacity 165366K, committed 165552K, reserved 1193984K
  class space    used 19773K, capacity 20702K, committed 20736K, reserved 1048576K
}
Event: 109.520 GC heap before
{Heap before GC invocations=92 (full 0):
 garbage-first heap   total 1085440K, used 931716K [0x0000000700000000, 0x0000000800000000)
  region size 2048K, 260 young (532480K), 7 survivors (14336K)
 Metaspace       used 162214K, capacity 165430K, committed 165552K, reserved 1193984K
  class space    used 19774K, capacity 20702K, committed 20736K, reserved 1048576K
}
Event: 109.548 GC heap after
{Heap after GC invocations=93 (full 0):
 garbage-first heap   total 1085440K, used 434464K [0x0000000700000000, 0x0000000800000000)
  region size 2048K, 17 young (34816K), 17 survivors (34816K)
 Metaspace       used 162214K, capacity 165430K, committed 165552K, reserved 1193984K
  class space    used 19774K, capacity 20702K, committed 20736K, reserved 1048576K
}
Event: 109.926 GC heap before
{Heap before GC invocations=93 (full 0):
 garbage-first heap   total 1085440K, used 768288K [0x0000000700000000, 0x0000000800000000)
  region size 2048K, 181 young (370688K), 17 survivors (34816K)
 Metaspace       used 162226K, capacity 165430K, committed 165552K, reserved 1193984K
  class space    used 19774K, capacity 20702K, committed 20736K, reserved 1048576K
}
Event: 109.955 GC heap after
{Heap after GC invocations=94 (full 0):
 garbage-first heap   total 1085440K, used 442023K [0x0000000700000000, 0x0000000800000000)
  region size 2048K, 11 young (22528K), 11 survivors (22528K)
 Metaspace       used 162226K, capacity 165430K, committed 165552K, reserved 1193984K
  class space    used 19774K, capacity 20702K, committed 20736K, reserved 1048576K
}
Event: 110.459 GC heap before
{Heap before GC invocations=94 (full 0):
 garbage-first heap   total 1085440K, used 919207K [0x0000000700000000, 0x0000000800000000)
  region size 2048K, 244 young (499712K), 11 survivors (22528K)
 Metaspace       used 162235K, capacity 165430K, committed 165552K, reserved 1193984K
  class space    used 19775K, capacity 20702K, committed 20736K, reserved 1048576K
}

